-------------------------------------------------------------------------------
Test set: com.baeldung.live.PasswordFlowLiveTest
-------------------------------------------------------------------------------
Tests run: 3, Failures: 0, Errors: 3, Skipped: 0, Time elapsed: 12.091 s <<< FAILURE! - in com.baeldung.live.PasswordFlowLiveTest
givenAdmin_whenUseBarClient_thenOkForBarResourceReadWrite(com.baeldung.live.PasswordFlowLiveTest)  Time elapsed: 4.028 s  <<< ERROR!
java.net.ConnectException: Connection refused: connect
	at com.baeldung.live.PasswordFlowLiveTest.obtainAccessToken(PasswordFlowLiveTest.java:80)
	at com.baeldung.live.PasswordFlowLiveTest.givenAdmin_whenUseBarClient_thenOkForBarResourceReadWrite(PasswordFlowLiveTest.java:53)

givenUser_whenUseBarClient_thenOkForBarResourceReadOnly(com.baeldung.live.PasswordFlowLiveTest)  Time elapsed: 4.034 s  <<< ERROR!
java.net.ConnectException: Connection refused: connect
	at com.baeldung.live.PasswordFlowLiveTest.obtainAccessToken(PasswordFlowLiveTest.java:80)
	at com.baeldung.live.PasswordFlowLiveTest.givenUser_whenUseBarClient_thenOkForBarResourceReadOnly(PasswordFlowLiveTest.java:34)

givenUser_whenUseFooClient_thenOkForFooResourceOnly(com.baeldung.live.PasswordFlowLiveTest)  Time elapsed: 4.028 s  <<< ERROR!
java.net.ConnectException: Connection refused: connect
	at com.baeldung.live.PasswordFlowLiveTest.obtainAccessToken(PasswordFlowLiveTest.java:80)
	at com.baeldung.live.PasswordFlowLiveTest.givenUser_whenUseFooClient_thenOkForFooResourceOnly(PasswordFlowLiveTest.java:20)

